[debug] [2022-04-12T22:56:13.140Z] ----------------------------------------------------------------------
[debug] [2022-04-12T22:56:13.142Z] Command:       D:\Program Files\node js\node.exe C:\Users\LENOVO\AppData\Roaming\npm\node_modules\firebase-tools\lib\bin\firebase.js init
[debug] [2022-04-12T22:56:13.143Z] CLI Version:   10.6.0
[debug] [2022-04-12T22:56:13.143Z] Platform:      win32
[debug] [2022-04-12T22:56:13.143Z] Node Version:  v16.13.0
[debug] [2022-04-12T22:56:13.145Z] Time:          Tue Apr 12 2022 17:56:13 GMT-0500 (hora estándar de Colombia)
[debug] [2022-04-12T22:56:13.145Z] ----------------------------------------------------------------------
[debug] 
[debug] [2022-04-12T22:56:13.158Z] > command requires scopes: ["email","openid","https://www.googleapis.com/auth/cloudplatformprojects.readonly","https://www.googleapis.com/auth/firebase","https://www.googleapis.com/auth/cloud-platform"]
[debug] [2022-04-12T22:56:13.159Z] > authorizing via signed-in user (jesusdrp09@gmail.com)
[info] 
     ######## #### ########  ######## ########     ###     ######  ########
     ##        ##  ##     ## ##       ##     ##  ##   ##  ##       ##
     ######    ##  ########  ######   ########  #########  ######  ######
     ##        ##  ##    ##  ##       ##     ## ##     ##       ## ##
     ##       #### ##     ## ######## ########  ##     ##  ######  ########

You're about to initialize a Firebase project in this directory:

  D:\Users\Lenovo\Downloads\MerkCampo\MerkCampo-package1.0\MerkCampo

[info] 
=== Project Setup
[info] 
[info] First, let's associate this project directory with a Firebase project.
[info] You can create multiple project aliases by running firebase use --add, 
[info] but for now we'll just set up a default project.
[info] 
[debug] [2022-04-12T22:56:28.242Z] >>> [apiv2][query] GET https://firebase.googleapis.com/v1beta1/projects pageSize=100
[debug] [2022-04-12T22:56:29.210Z] <<< [apiv2][status] GET https://firebase.googleapis.com/v1beta1/projects 200
[debug] [2022-04-12T22:56:29.210Z] <<< [apiv2][body] GET https://firebase.googleapis.com/v1beta1/projects [omitted]
[info] i  Using project merkcampo-4e371 (MerkCampo) 
[info] 
=== Hosting Setup
[info] 
[info] Your public directory is the folder (relative to your project directory) that
[info] will contain Hosting assets to be uploaded with firebase deploy. If you
[info] have a build process for your assets, use your build's output directory.
[info] 
[debug] [2022-04-12T22:57:04.432Z] >>> [apiv2][query] GET https://www.gstatic.com/firebasejs/releases.json [none]
[debug] [2022-04-12T22:57:08.168Z] <<< [apiv2][status] GET https://www.gstatic.com/firebasejs/releases.json 200
[debug] [2022-04-12T22:57:08.169Z] <<< [apiv2][body] GET https://www.gstatic.com/firebasejs/releases.json {"current":{"version":"9.6.10","browserURL":"https://www.gstatic.com/firebasejs/9.6.10/firebase.js","packageURL":"https://www.gstatic.com/firebasejs/9.6.10/firebase.tgz"},"live":{"version":"9.6","browserURL":"https://www.gstatic.com/firebasejs/live/9.6/firebase.js","packageURL":"https://www.gstatic.com/firebasejs/live/9.6/firebase.tgz"},"components":{"analytics":"https://www.gstatic.com/firebasejs/9.6.10/firebase-analytics.js","app":"https://www.gstatic.com/firebasejs/9.6.10/firebase-app.js","app-check":"https://www.gstatic.com/firebasejs/9.6.10/firebase-app-check.js","auth":"https://www.gstatic.com/firebasejs/9.6.10/firebase-auth.js","auth/cordova":"https://www.gstatic.com/firebasejs/9.6.10/firebase-auth/cordova.js","auth/react-native":"https://www.gstatic.com/firebasejs/9.6.10/firebase-auth/react-native.js","functions":"https://www.gstatic.com/firebasejs/9.6.10/firebase-functions.js","firestore":"https://www.gstatic.com/firebasejs/9.6.10/firebase-firestore.js","firestore/lite":"https://www.gstatic.com/firebasejs/9.6.10/firebase-firestore/lite.js","storage":"https://www.gstatic.com/firebasejs/9.6.10/firebase-storage.js","performance":"https://www.gstatic.com/firebasejs/9.6.10/firebase-performance.js","remote-config":"https://www.gstatic.com/firebasejs/9.6.10/firebase-remote-config.js","messaging":"https://www.gstatic.com/firebasejs/9.6.10/firebase-messaging.js","messaging/sw":"https://www.gstatic.com/firebasejs/9.6.10/firebase-messaging/sw.js","database":"https://www.gstatic.com/firebasejs/9.6.10/firebase-database.js","firestore.memory":"https://www.gstatic.com/firebasejs/9.6.10/firebase-firestore.memory.js"}}
[info] +  Wrote public/index.html 
[info] 
[info] i  Detected a .git folder at D:\Users\Lenovo\Downloads\MerkCampo\MerkCampo-package1.0\MerkCampo 
[info] i  Authorizing with GitHub to upload your service account to a GitHub repository's secrets store. 
[info] 
[info] Visit this URL on this device to log in:
[info] https://github.com/login/oauth/authorize?client_id=89cf50f02ac6aaed3484&state=953532404&redirect_uri=http%3A%2F%2Flocalhost%3A9005&scope=read%3Auser%20repo%20public_repo
[info] 
[info] Waiting for authentication...
[debug] [2022-04-12T22:57:13.696Z] >>> HTTP REQUEST POST https://github.com/login/oauth/access_token  
 {"client_id":"89cf50f02ac6aaed3484","client_secret":"3330d14abc895d9a74d5f17cd7a00711fa2c5bf0","code":"1b841a53201709845adc","redirect_uri":"http://localhost:9005","state":"953532404"}
[debug] [2022-04-12T22:57:14.225Z] <<< HTTP RESPONSE 200 {"server":"GitHub.com","date":"Tue, 12 Apr 2022 22:57:14 GMT","content-type":"application/json; charset=utf-8","transfer-encoding":"chunked","vary":"X-PJAX, X-PJAX-Container, Accept-Encoding, Accept, X-Requested-With","permissions-policy":"interest-cohort=()","etag":"W/\"a0b571d5cf991abafd8c891e44da2882\"","cache-control":"max-age=0, private, must-revalidate","strict-transport-security":"max-age=31536000; includeSubdomains; preload","x-frame-options":"deny","x-content-type-options":"nosniff","x-xss-protection":"0","referrer-policy":"origin-when-cross-origin, strict-origin-when-cross-origin","expect-ct":"max-age=2592000, report-uri=\"https://api.github.com/_private/browser/errors\"","content-security-policy":"default-src 'none'; base-uri 'self'; block-all-mixed-content; child-src github.com/assets-cdn/worker/ gist.github.com/assets-cdn/worker/; connect-src 'self' uploads.github.com objects-origin.githubusercontent.com www.githubstatus.com collector.github.com raw.githubusercontent.com api.github.com github-cloud.s3.amazonaws.com github-production-repository-file-5c1aeb.s3.amazonaws.com github-production-upload-manifest-file-7fdce7.s3.amazonaws.com github-production-user-asset-6210df.s3.amazonaws.com cdn.optimizely.com logx.optimizely.com/v1/events translator.github.com *.actions.githubusercontent.com wss://*.actions.githubusercontent.com online.visualstudio.com/api/v1/locations github-production-repository-image-32fea6.s3.amazonaws.com github-production-release-asset-2e65be.s3.amazonaws.com insights.github.com wss://alive.github.com; font-src github.githubassets.com; form-action 'self' github.com gist.github.com objects-origin.githubusercontent.com; frame-ancestors 'none'; frame-src render.githubusercontent.com viewscreen.githubusercontent.com notebooks.githubusercontent.com; img-src 'self' data: github.githubassets.com identicons.github.com github-cloud.s3.amazonaws.com secured-user-images.githubusercontent.com/ *.githubusercontent.com; manifest-src 'self'; media-src github.com user-images.githubusercontent.com/; script-src github.githubassets.com; style-src 'unsafe-inline' github.githubassets.com; worker-src github.com/assets-cdn/worker/ gist.github.com/assets-cdn/worker/","x-github-request-id":"9DA0:0DEA:9653C6:F99ACC:625603CA"}
[debug] [2022-04-12T22:57:14.235Z] >>> [apiv2][query] GET https://api.github.com/user [none]
[debug] [2022-04-12T22:57:14.628Z] <<< [apiv2][status] GET https://api.github.com/user 200
[debug] [2022-04-12T22:57:14.628Z] <<< [apiv2][body] GET https://api.github.com/user {"login":"Jesusdrp09","id":65101909,"node_id":"MDQ6VXNlcjY1MTAxOTA5","avatar_url":"https://avatars.githubusercontent.com/u/65101909?v=4","gravatar_id":"","url":"https://api.github.com/users/Jesusdrp09","html_url":"https://github.com/Jesusdrp09","followers_url":"https://api.github.com/users/Jesusdrp09/followers","following_url":"https://api.github.com/users/Jesusdrp09/following{/other_user}","gists_url":"https://api.github.com/users/Jesusdrp09/gists{/gist_id}","starred_url":"https://api.github.com/users/Jesusdrp09/starred{/owner}{/repo}","subscriptions_url":"https://api.github.com/users/Jesusdrp09/subscriptions","organizations_url":"https://api.github.com/users/Jesusdrp09/orgs","repos_url":"https://api.github.com/users/Jesusdrp09/repos","events_url":"https://api.github.com/users/Jesusdrp09/events{/privacy}","received_events_url":"https://api.github.com/users/Jesusdrp09/received_events","type":"User","site_admin":false,"name":null,"company":null,"blog":"","location":null,"email":null,"hireable":null,"bio":null,"twitter_username":null,"public_repos":24,"public_gists":0,"followers":0,"following":0,"created_at":"2020-05-10T03:31:10Z","updated_at":"2022-04-12T22:33:08Z","private_gists":0,"total_private_repos":0,"owned_private_repos":0,"disk_usage":35766,"collaborators":0,"two_factor_authentication":false,"plan":{"name":"free","space":976562499,"collaborators":0,"private_repos":10000}}
[info] 
[info] +  Success! Logged into GitHub as Jesusdrp09 
[info] 
[debug] [2022-04-12T22:57:33.798Z] >>> [apiv2][query] GET https://api.github.com/repos/jesusdrp09@gmail.com/actions/secrets/public-key type=owner
[debug] [2022-04-12T22:57:34.298Z] <<< [apiv2][status] GET https://api.github.com/repos/jesusdrp09@gmail.com/actions/secrets/public-key 404
[debug] [2022-04-12T22:57:34.299Z] <<< [apiv2][body] GET https://api.github.com/repos/jesusdrp09@gmail.com/actions/secrets/public-key {"message":"Not Found","documentation_url":"https://docs.github.com/rest"}
